c:\users\hz\desktop\shenyj\dnw_server\server\debug\vc120.pdb
c:\users\hz\desktop\shenyj\dnw_server\server\debug\vc120.idb
c:\users\hz\desktop\shenyj\dnw_server\server\debug\command.txt.pb.obj
c:\users\hz\desktop\shenyj\dnw_server\server\debug\scene.txt.pb.obj
c:\users\hz\desktop\shenyj\dnw_server\server\debug\cache.obj
c:\users\hz\desktop\shenyj\dnw_server\server\debug\cliententity.obj
c:\users\hz\desktop\shenyj\dnw_server\server\debug\dbserver.obj
c:\users\hz\desktop\shenyj\dnw_server\server\debug\scenebase.obj
c:\users\hz\desktop\shenyj\dnw_server\server\debug\createscene.obj
c:\users\hz\desktop\shenyj\dnw_server\server\debug\hallscene.obj
c:\users\hz\desktop\shenyj\dnw_server\server\debug\keepalive.obj
c:\users\hz\desktop\shenyj\dnw_server\server\debug\loginscene.obj
c:\users\hz\desktop\shenyj\dnw_server\server\debug\mainscene.obj
c:\users\hz\desktop\shenyj\dnw_server\server\debug\registerscene.obj
c:\users\hz\desktop\shenyj\dnw_server\server\debug\selectscene.obj
c:\users\hz\desktop\shenyj\dnw_server\server\debug\scenefactory.obj
c:\users\hz\desktop\shenyj\dnw_server\server\debug\jiraevent.obj
c:\users\hz\desktop\shenyj\dnw_server\server\debug\jiraserver.obj
c:\users\hz\desktop\shenyj\dnw_server\server\debug\cjsonobject.obj
c:\users\hz\desktop\shenyj\dnw_server\server\debug\server.obj
c:\users\hz\desktop\shenyj\dnw_server\server\debug\utilitys.obj
c:\users\hz\desktop\shenyj\dnw_server\server\debug\cjson.obj
c:\users\hz\desktop\shenyj\dnw_server\debug\jiraserver.exe
c:\users\hz\desktop\shenyj\dnw_server\debug\jiraserver.pdb
c:\users\hz\desktop\shenyj\dnw_server\server\debug\jiraserver.tlog\cl.command.1.tlog
c:\users\hz\desktop\shenyj\dnw_server\server\debug\jiraserver.tlog\cl.read.1.tlog
c:\users\hz\desktop\shenyj\dnw_server\server\debug\jiraserver.tlog\cl.write.1.tlog
c:\users\hz\desktop\shenyj\dnw_server\server\debug\jiraserver.tlog\link.command.1.tlog
c:\users\hz\desktop\shenyj\dnw_server\server\debug\jiraserver.tlog\link.read.1.tlog
c:\users\hz\desktop\shenyj\dnw_server\server\debug\jiraserver.tlog\link.write.1.tlog
