生成启动时间为 2019/2/26 18:38:48。
     1>项目“C:\Users\HZ\Desktop\shenyj\DNW_Server\Server\Server.vcxproj”在节点 2 上(Build 个目标)。
     1>C:\Program Files (x86)\MSBuild\Microsoft.Cpp\v4.0\V120\Microsoft.CppBuild.targets(388,5): warning MSB8028: The intermediate directory (Debug\) contains files shared from another project (CustomServer.vcxproj).  This can lead to incorrect clean and rebuild behavior.
     1>ClCompile:
         C:\Program Files (x86)\Microsoft Visual Studio 12.0\VC\bin\CL.exe /c /IC:\Users\HZ\Desktop\shenyj\DNW_Server\Server\ /ZI /nologo /W3 /WX- /Od /Oy- /D WIN32 /D _DEBUG /D _CONSOLE /D _LIB /D _UNICODE /D UNICODE /Gm /EHsc /RTC1 /MTd /GS /fp:precise /Zc:wchar_t /Zc:forScope /Fo"Debug\\" /Fd"Debug\vc120.pdb" /Gd /TP /analyze- /errorReport:prompt GameLogic\SceneChain\KeepAlive.cpp
         KeepAlive.cpp
     1>c:\users\hz\desktop\shenyj\dnw_server\server\google\protobuf\io\coded_stream.h(864): warning C4800: “google::protobuf::internal::AtomicWord”: 将值强制为布尔值“true”或“false”(性能警告)
     1>c:\users\hz\desktop\shenyj\dnw_server\server\google\protobuf\io\coded_stream.h(868): warning C4800: “google::protobuf::internal::Atomic32”: 将值强制为布尔值“true”或“false”(性能警告)
       Link:
         C:\Program Files (x86)\Microsoft Visual Studio 12.0\VC\bin\link.exe /ERRORREPORT:PROMPT /OUT:"C:\Users\HZ\Desktop\shenyj\DNW_Server\Debug\JiraServer.exe" /INCREMENTAL /NOLOGO /LTCG:STATUS C:\Users\HZ\Desktop\shenyj\DNW_Server\Server\sqlite3.lib C:\Users\HZ\Desktop\shenyj\DNW_Server\Server\libprotocd.lib C:\Users\HZ\Desktop\shenyj\DNW_Server\Server\libprotobufd.lib d3d9.lib d3dx9.lib winmm.lib kernel32.lib user32.lib gdi32.lib winspool.lib comdlg32.lib advapi32.lib shell32.lib ole32.lib oleaut32.lib uuid.lib odbc32.lib odbccp32.lib /MANIFEST /MANIFESTUAC:"level='asInvoker' uiAccess='false'" /manifest:embed /DEBUG /PDB:"C:\Users\HZ\Desktop\shenyj\DNW_Server\Debug\JiraServer.pdb" /SUBSYSTEM:CONSOLE /TLBID:1 /DYNAMICBASE /NXCOMPAT /IMPLIB:"C:\Users\HZ\Desktop\shenyj\DNW_Server\Debug\JiraServer.lib" /MACHINE:X86 /PROFILE Debug\command.txt.pb.obj
         Debug\scene.txt.pb.obj
         Debug\Cache.obj
         Debug\ClientEntity.obj
         Debug\DBServer.obj
         Debug\SceneBase.obj
         Debug\CreateScene.obj
         Debug\HallScene.obj
         Debug\KeepAlive.obj
         Debug\LoginScene.obj
         Debug\MainScene.obj
         Debug\RegisterScene.obj
         Debug\SelectScene.obj
         Debug\SceneFactory.obj
         Debug\JiraEvent.obj
         Debug\JiraServer.obj
         Debug\cJSON.obj
         Debug\CJsonObject.obj
         Debug\Server.obj
         Debug\Utilitys.obj
     1>LINK : warning LNK4075: 忽略“/INCREMENTAL”(由于“/LTCG”规范)
     1>command.txt.pb.obj : warning LNK4075: 忽略“/EDITANDCONTINUE”(由于“/OPT:LBR”规范)
         LINK : 已指定 /LTCG，但不需要生成代码；从链接命令行中移除 /LTCG 以提高链接器性能
     1>libprotobufd.lib(arena.obj) : warning LNK4099: 未找到 PDB“vc120.pdb”(使用“libprotobufd.lib(arena.obj)”或在“C:\Users\HZ\Desktop\shenyj\DNW_Server\Debug\vc120.pdb”中寻找)；正在链接对象，如同没有调试信息一样
     1>libprotobufd.lib(extension_set.obj) : warning LNK4099: 未找到 PDB“vc120.pdb”(使用“libprotobufd.lib(extension_set.obj)”或在“C:\Users\HZ\Desktop\shenyj\DNW_Server\Debug\vc120.pdb”中寻找)；正在链接对象，如同没有调试信息一样
     1>libprotobufd.lib(generated_message_util.obj) : warning LNK4099: 未找到 PDB“vc120.pdb”(使用“libprotobufd.lib(generated_message_util.obj)”或在“C:\Users\HZ\Desktop\shenyj\DNW_Server\Debug\vc120.pdb”中寻找)；正在链接对象，如同没有调试信息一样
     1>libprotobufd.lib(coded_stream.obj) : warning LNK4099: 未找到 PDB“vc120.pdb”(使用“libprotobufd.lib(coded_stream.obj)”或在“C:\Users\HZ\Desktop\shenyj\DNW_Server\Debug\vc120.pdb”中寻找)；正在链接对象，如同没有调试信息一样
     1>libprotobufd.lib(zero_copy_stream.obj) : warning LNK4099: 未找到 PDB“vc120.pdb”(使用“libprotobufd.lib(zero_copy_stream.obj)”或在“C:\Users\HZ\Desktop\shenyj\DNW_Server\Debug\vc120.pdb”中寻找)；正在链接对象，如同没有调试信息一样
     1>libprotobufd.lib(zero_copy_stream_impl_lite.obj) : warning LNK4099: 未找到 PDB“vc120.pdb”(使用“libprotobufd.lib(zero_copy_stream_impl_lite.obj)”或在“C:\Users\HZ\Desktop\shenyj\DNW_Server\Debug\vc120.pdb”中寻找)；正在链接对象，如同没有调试信息一样
     1>libprotobufd.lib(message_lite.obj) : warning LNK4099: 未找到 PDB“vc120.pdb”(使用“libprotobufd.lib(message_lite.obj)”或在“C:\Users\HZ\Desktop\shenyj\DNW_Server\Debug\vc120.pdb”中寻找)；正在链接对象，如同没有调试信息一样
     1>libprotobufd.lib(repeated_field.obj) : warning LNK4099: 未找到 PDB“vc120.pdb”(使用“libprotobufd.lib(repeated_field.obj)”或在“C:\Users\HZ\Desktop\shenyj\DNW_Server\Debug\vc120.pdb”中寻找)；正在链接对象，如同没有调试信息一样
     1>libprotobufd.lib(atomicops_internals_x86_msvc.obj) : warning LNK4099: 未找到 PDB“vc120.pdb”(使用“libprotobufd.lib(atomicops_internals_x86_msvc.obj)”或在“C:\Users\HZ\Desktop\shenyj\DNW_Server\Debug\vc120.pdb”中寻找)；正在链接对象，如同没有调试信息一样
     1>libprotobufd.lib(common.obj) : warning LNK4099: 未找到 PDB“vc120.pdb”(使用“libprotobufd.lib(common.obj)”或在“C:\Users\HZ\Desktop\shenyj\DNW_Server\Debug\vc120.pdb”中寻找)；正在链接对象，如同没有调试信息一样
     1>libprotobufd.lib(int128.obj) : warning LNK4099: 未找到 PDB“vc120.pdb”(使用“libprotobufd.lib(int128.obj)”或在“C:\Users\HZ\Desktop\shenyj\DNW_Server\Debug\vc120.pdb”中寻找)；正在链接对象，如同没有调试信息一样
     1>libprotobufd.lib(once.obj) : warning LNK4099: 未找到 PDB“vc120.pdb”(使用“libprotobufd.lib(once.obj)”或在“C:\Users\HZ\Desktop\shenyj\DNW_Server\Debug\vc120.pdb”中寻找)；正在链接对象，如同没有调试信息一样
     1>libprotobufd.lib(status.obj) : warning LNK4099: 未找到 PDB“vc120.pdb”(使用“libprotobufd.lib(status.obj)”或在“C:\Users\HZ\Desktop\shenyj\DNW_Server\Debug\vc120.pdb”中寻找)；正在链接对象，如同没有调试信息一样
     1>libprotobufd.lib(stringpiece.obj) : warning LNK4099: 未找到 PDB“vc120.pdb”(使用“libprotobufd.lib(stringpiece.obj)”或在“C:\Users\HZ\Desktop\shenyj\DNW_Server\Debug\vc120.pdb”中寻找)；正在链接对象，如同没有调试信息一样
     1>libprotobufd.lib(stringprintf.obj) : warning LNK4099: 未找到 PDB“vc120.pdb”(使用“libprotobufd.lib(stringprintf.obj)”或在“C:\Users\HZ\Desktop\shenyj\DNW_Server\Debug\vc120.pdb”中寻找)；正在链接对象，如同没有调试信息一样
     1>libprotobufd.lib(structurally_valid.obj) : warning LNK4099: 未找到 PDB“vc120.pdb”(使用“libprotobufd.lib(structurally_valid.obj)”或在“C:\Users\HZ\Desktop\shenyj\DNW_Server\Debug\vc120.pdb”中寻找)；正在链接对象，如同没有调试信息一样
     1>libprotobufd.lib(strutil.obj) : warning LNK4099: 未找到 PDB“vc120.pdb”(使用“libprotobufd.lib(strutil.obj)”或在“C:\Users\HZ\Desktop\shenyj\DNW_Server\Debug\vc120.pdb”中寻找)；正在链接对象，如同没有调试信息一样
     1>libprotobufd.lib(wire_format_lite.obj) : warning LNK4099: 未找到 PDB“vc120.pdb”(使用“libprotobufd.lib(wire_format_lite.obj)”或在“C:\Users\HZ\Desktop\shenyj\DNW_Server\Debug\vc120.pdb”中寻找)；正在链接对象，如同没有调试信息一样
     1>libprotobufd.lib(any.obj) : warning LNK4099: 未找到 PDB“vc120.pdb”(使用“libprotobufd.lib(any.obj)”或在“C:\Users\HZ\Desktop\shenyj\DNW_Server\Debug\vc120.pdb”中寻找)；正在链接对象，如同没有调试信息一样
     1>libprotobufd.lib(descriptor.obj) : warning LNK4099: 未找到 PDB“vc120.pdb”(使用“libprotobufd.lib(descriptor.obj)”或在“C:\Users\HZ\Desktop\shenyj\DNW_Server\Debug\vc120.pdb”中寻找)；正在链接对象，如同没有调试信息一样
     1>libprotobufd.lib(descriptor.pb.obj) : warning LNK4099: 未找到 PDB“vc120.pdb”(使用“libprotobufd.lib(descriptor.pb.obj)”或在“C:\Users\HZ\Desktop\shenyj\DNW_Server\Debug\vc120.pdb”中寻找)；正在链接对象，如同没有调试信息一样
     1>libprotobufd.lib(descriptor_database.obj) : warning LNK4099: 未找到 PDB“vc120.pdb”(使用“libprotobufd.lib(descriptor_database.obj)”或在“C:\Users\HZ\Desktop\shenyj\DNW_Server\Debug\vc120.pdb”中寻找)；正在链接对象，如同没有调试信息一样
     1>libprotobufd.lib(dynamic_message.obj) : warning LNK4099: 未找到 PDB“vc120.pdb”(使用“libprotobufd.lib(dynamic_message.obj)”或在“C:\Users\HZ\Desktop\shenyj\DNW_Server\Debug\vc120.pdb”中寻找)；正在链接对象，如同没有调试信息一样
     1>libprotobufd.lib(extension_set_heavy.obj) : warning LNK4099: 未找到 PDB“vc120.pdb”(使用“libprotobufd.lib(extension_set_heavy.obj)”或在“C:\Users\HZ\Desktop\shenyj\DNW_Server\Debug\vc120.pdb”中寻找)；正在链接对象，如同没有调试信息一样
     1>libprotobufd.lib(generated_message_reflection.obj) : warning LNK4099: 未找到 PDB“vc120.pdb”(使用“libprotobufd.lib(generated_message_reflection.obj)”或在“C:\Users\HZ\Desktop\shenyj\DNW_Server\Debug\vc120.pdb”中寻找)；正在链接对象，如同没有调试信息一样
     1>libprotobufd.lib(strtod.obj) : warning LNK4099: 未找到 PDB“vc120.pdb”(使用“libprotobufd.lib(strtod.obj)”或在“C:\Users\HZ\Desktop\shenyj\DNW_Server\Debug\vc120.pdb”中寻找)；正在链接对象，如同没有调试信息一样
     1>libprotobufd.lib(tokenizer.obj) : warning LNK4099: 未找到 PDB“vc120.pdb”(使用“libprotobufd.lib(tokenizer.obj)”或在“C:\Users\HZ\Desktop\shenyj\DNW_Server\Debug\vc120.pdb”中寻找)；正在链接对象，如同没有调试信息一样
     1>libprotobufd.lib(zero_copy_stream_impl.obj) : warning LNK4099: 未找到 PDB“vc120.pdb”(使用“libprotobufd.lib(zero_copy_stream_impl.obj)”或在“C:\Users\HZ\Desktop\shenyj\DNW_Server\Debug\vc120.pdb”中寻找)；正在链接对象，如同没有调试信息一样
     1>libprotobufd.lib(map_field.obj) : warning LNK4099: 未找到 PDB“vc120.pdb”(使用“libprotobufd.lib(map_field.obj)”或在“C:\Users\HZ\Desktop\shenyj\DNW_Server\Debug\vc120.pdb”中寻找)；正在链接对象，如同没有调试信息一样
     1>libprotobufd.lib(message.obj) : warning LNK4099: 未找到 PDB“vc120.pdb”(使用“libprotobufd.lib(message.obj)”或在“C:\Users\HZ\Desktop\shenyj\DNW_Server\Debug\vc120.pdb”中寻找)；正在链接对象，如同没有调试信息一样
     1>libprotobufd.lib(reflection_ops.obj) : warning LNK4099: 未找到 PDB“vc120.pdb”(使用“libprotobufd.lib(reflection_ops.obj)”或在“C:\Users\HZ\Desktop\shenyj\DNW_Server\Debug\vc120.pdb”中寻找)；正在链接对象，如同没有调试信息一样
     1>libprotobufd.lib(substitute.obj) : warning LNK4099: 未找到 PDB“vc120.pdb”(使用“libprotobufd.lib(substitute.obj)”或在“C:\Users\HZ\Desktop\shenyj\DNW_Server\Debug\vc120.pdb”中寻找)；正在链接对象，如同没有调试信息一样
     1>libprotobufd.lib(text_format.obj) : warning LNK4099: 未找到 PDB“vc120.pdb”(使用“libprotobufd.lib(text_format.obj)”或在“C:\Users\HZ\Desktop\shenyj\DNW_Server\Debug\vc120.pdb”中寻找)；正在链接对象，如同没有调试信息一样
     1>libprotobufd.lib(unknown_field_set.obj) : warning LNK4099: 未找到 PDB“vc120.pdb”(使用“libprotobufd.lib(unknown_field_set.obj)”或在“C:\Users\HZ\Desktop\shenyj\DNW_Server\Debug\vc120.pdb”中寻找)；正在链接对象，如同没有调试信息一样
     1>libprotobufd.lib(wire_format.obj) : warning LNK4099: 未找到 PDB“vc120.pdb”(使用“libprotobufd.lib(wire_format.obj)”或在“C:\Users\HZ\Desktop\shenyj\DNW_Server\Debug\vc120.pdb”中寻找)；正在链接对象，如同没有调试信息一样
         Server.vcxproj -> C:\Users\HZ\Desktop\shenyj\DNW_Server\Debug\JiraServer.exe
     1>已完成生成项目“C:\Users\HZ\Desktop\shenyj\DNW_Server\Server\Server.vcxproj”(Build 个目标)的操作。

生成成功。

已用时间 00:00:03.38
